<?xml version="1.0" encoding="UTF-8"?>
<!-- Generated by org.testng.reporters.JUnitReportReporter -->
<testsuite hostname="LAPTOP-92OD1UN2" failures="0" tests="1" name="testCases.TC_002_Login" time="6.846" errors="0" timestamp="2022-08-01T20:09:19 EDT" skipped="0">
  <testcase classname="testCases.TC_002_Login" name="test_Login" time="6.846"/>
  <system-out/>
</testsuite> <!-- testCases.TC_002_Login -->
