<?xml version="1.0" encoding="UTF-8"?>
<!-- Generated by org.testng.reporters.JUnitReportReporter -->
<testsuite hostname="LAPTOP-92OD1UN2" failures="0" tests="1" name="testCases.TC_001_AccountRegistration" time="12.706" errors="0" timestamp="2022-08-01T20:09:19 EDT" skipped="0">
  <testcase classname="testCases.TC_001_AccountRegistration" name="test_accout_Registration" time="12.706"/>
  <system-out/>
</testsuite> <!-- testCases.TC_001_AccountRegistration -->
