<?xml version="1.0" encoding="UTF-8"?>
<!-- Generated by org.testng.reporters.JUnitReportReporter -->
<testsuite skipped="0" hostname="LAPTOP-92OD1UN2" name="testCases.TC_002_Login" tests="1" failures="0" timestamp="2022-08-02T10:44:26 EDT" time="9.582" errors="0">
  <testcase name="test_Login" time="9.582" classname="testCases.TC_002_Login"/>
  <system-out/>
</testsuite> <!-- testCases.TC_002_Login -->
