<?xml version="1.0" encoding="UTF-8"?>
<!-- Generated by org.testng.reporters.JUnitReportReporter -->
<testsuite skipped="0" hostname="LAPTOP-92OD1UN2" name="testCases.TC_001_AccountRegistration" tests="1" failures="0" timestamp="2022-08-02T10:44:26 EDT" time="13.519" errors="0">
  <testcase name="test_accout_Registration" time="13.519" classname="testCases.TC_001_AccountRegistration"/>
  <system-out/>
</testsuite> <!-- testCases.TC_001_AccountRegistration -->
